<?xml version="1.0" encoding="UTF-8"?>
<!-- Generated by org.testng.reporters.JUnitXMLReporter -->
<testsuite ignored="0" hostname="LAPTOP-E2O8R6N7" failures="0" tests="6" name="Default test" time="10.175" errors="0" timestamp="2024-10-25T12:17:31 IST">
  <testcase classname="api.test.DataDrivenTests" name="testPostUser" time="2.949"/>
  <testcase classname="api.test.DataDrivenTests" name="testPostUser" time="1.181"/>
  <testcase classname="api.test.DataDrivenTests" name="testPostUser" time="1.153"/>
  <testcase classname="api.test.DataDrivenTests" name="testDeleteUserByName" time="1.196"/>
  <testcase classname="api.test.DataDrivenTests" name="testDeleteUserByName" time="1.158"/>
  <testcase classname="api.test.DataDrivenTests" name="testDeleteUserByName" time="1.146"/>
</testsuite> <!-- Default test -->
