<?xml version="1.0" encoding="UTF-8"?>
<testng-results ignored="0" total="4" passed="4" failed="0" skipped="0">
  <reporter-output>
  </reporter-output>
  <suite started-at="2024-10-26T11:50:34 IST" name="PetSuite" finished-at="2024-10-26T11:51:27 IST" duration-ms="53657">
    <groups>
    </groups>
    <test started-at="2024-10-26T11:50:34 IST" name="PetTest" finished-at="2024-10-26T11:51:27 IST" duration-ms="53657">
      <class name="api.test.UserTest2">
        <test-method is-config="true" signature="setup()[pri:0, instance:api.test.UserTest2@45752059]" started-at="2024-10-26T11:50:34 IST" name="setup" finished-at="2024-10-26T11:50:35 IST" duration-ms="892" status="PASS">
          <reporter-output>
          </reporter-output>
        </test-method> <!-- setup -->
        <test-method signature="testPostUser()[pri:1, instance:api.test.UserTest2@45752059]" started-at="2024-10-26T11:50:35 IST" name="testPostUser" finished-at="2024-10-26T11:51:00 IST" duration-ms="24666" status="PASS">
          <reporter-output>
          </reporter-output>
        </test-method> <!-- testPostUser -->
        <test-method signature="testGetUserByName()[pri:2, instance:api.test.UserTest2@45752059]" started-at="2024-10-26T11:51:00 IST" name="testGetUserByName" finished-at="2024-10-26T11:51:23 IST" duration-ms="22924" status="PASS">
          <reporter-output>
          </reporter-output>
        </test-method> <!-- testGetUserByName -->
        <test-method signature="testUpdateUser()[pri:3, instance:api.test.UserTest2@45752059]" started-at="2024-10-26T11:51:23 IST" name="testUpdateUser" finished-at="2024-10-26T11:51:26 IST" duration-ms="3194" status="PASS">
          <reporter-output>
          </reporter-output>
        </test-method> <!-- testUpdateUser -->
        <test-method signature="testDeleteUser()[pri:4, instance:api.test.UserTest2@45752059]" started-at="2024-10-26T11:51:26 IST" name="testDeleteUser" finished-at="2024-10-26T11:51:27 IST" duration-ms="1530" status="PASS">
          <reporter-output>
          </reporter-output>
        </test-method> <!-- testDeleteUser -->
      </class> <!-- api.test.UserTest2 -->
    </test> <!-- PetTest -->
  </suite> <!-- PetSuite -->
</testng-results>
